app/build/intermediates/manifest_merge_blame_file/debug/manifest-merger-blame-debug-report.txt
1<?xml version="1.0" encoding="utf-8"?>
2<manifest xmlns:android="http://schemas.android.com/apk/res/android"
3    package="com.example.topratedmoviesandtvshows"
4    android:versionCode="1"
5    android:versionName="1.0" >
6
7    <uses-sdk
8        android:minSdkVersion="16"
8-->src\main\AndroidManifest.xml
9        android:targetSdkVersion="30" />
9-->src\main\AndroidManifest.xml
10
11    <uses-permission android:name="android.permission.INTERNET" />
11-->src\main\AndroidManifest.xml:5:5-67
11-->src\main\AndroidManifest.xml:5:22-64
12
13    <application
13-->src\main\AndroidManifest.xml:7:5-23:19
14        android:allowBackup="true"
14-->src\main\AndroidManifest.xml:8:9-35
15        android:appComponentFactory="androidx.core.app.CoreComponentFactory"
15-->[androidx.core:core:1.3.1] AndroidManifest.xml:24:18-86
16        android:debuggable="true"
17        android:icon="@mipmap/ic_launcher"
17-->src\main\AndroidManifest.xml:9:9-43
18        android:label="@string/app_name"
18-->src\main\AndroidManifest.xml:10:9-41
19        android:roundIcon="@mipmap/ic_launcher_round"
19-->src\main\AndroidManifest.xml:11:9-54
20        android:supportsRtl="true"
20-->src\main\AndroidManifest.xml:12:9-35
21        android:theme="@style/Theme.TopRatedMoviesandTvShows" >
21-->src\main\AndroidManifest.xml:13:9-62
22        <activity
22-->src\main\AndroidManifest.xml:14:9-144
23            android:name="com.ysfsym.topratedmoviesandtvshows.MovieActivityDetail"
23-->src\main\AndroidManifest.xml:14:19-89
24            android:parentActivityName="com.ysfsym.topratedmoviesandtvshows.MainActivity" />
24-->src\main\AndroidManifest.xml:14:90-132
25        <activity
25-->src\main\AndroidManifest.xml:15:9-131
26            android:name="com.ysfsym.topratedmoviesandtvshows.TvActivityDetail"
26-->src\main\AndroidManifest.xml:15:19-86
27            android:parentActivityName="com.ysfsym.topratedmoviesandtvshows.MainActivity" />
27-->src\main\AndroidManifest.xml:15:87-129
28        <activity
28-->src\main\AndroidManifest.xml:16:9-22:20
29            android:name="com.ysfsym.topratedmoviesandtvshows.MainActivity"
29-->src\main\AndroidManifest.xml:16:19-82
30            android:configChanges="orientation|keyboardHidden" >
30-->src\main\AndroidManifest.xml:16:83-133
31            <intent-filter>
31-->src\main\AndroidManifest.xml:17:13-21:29
32                <action android:name="android.intent.action.MAIN" />
32-->src\main\AndroidManifest.xml:18:17-69
32-->src\main\AndroidManifest.xml:18:25-66
33
34                <category android:name="android.intent.category.LAUNCHER" />
34-->src\main\AndroidManifest.xml:20:17-77
34-->src\main\AndroidManifest.xml:20:27-74
35            </intent-filter>
36        </activity>
37
38        <service
38-->[androidx.room:room-runtime:2.3.0] AndroidManifest.xml:25:9-28:40
39            android:name="androidx.room.MultiInstanceInvalidationService"
39-->[androidx.room:room-runtime:2.3.0] AndroidManifest.xml:26:13-74
40            android:directBootAware="true"
40-->[androidx.room:room-runtime:2.3.0] AndroidManifest.xml:27:13-43
41            android:exported="false" />
41-->[androidx.room:room-runtime:2.3.0] AndroidManifest.xml:28:13-37
42
43        <provider
43-->[androidx.lifecycle:lifecycle-process:2.2.0] AndroidManifest.xml:25:9-29:43
44            android:name="androidx.lifecycle.ProcessLifecycleOwnerInitializer"
44-->[androidx.lifecycle:lifecycle-process:2.2.0] AndroidManifest.xml:26:13-79
45            android:authorities="com.example.topratedmoviesandtvshows.lifecycle-process"
45-->[androidx.lifecycle:lifecycle-process:2.2.0] AndroidManifest.xml:27:13-69
46            android:exported="false"
46-->[androidx.lifecycle:lifecycle-process:2.2.0] AndroidManifest.xml:28:13-37
47            android:multiprocess="true" />
47-->[androidx.lifecycle:lifecycle-process:2.2.0] AndroidManifest.xml:29:13-40
48    </application>
49
50</manifest>